<?xml version="1.0" encoding="UTF-8"?>
<testng-results skipped="0" failed="0" ignored="0" total="1" passed="1">
  <reporter-output>
  </reporter-output>
  <suite name="Login Suite" duration-ms="29650" started-at="2018-11-23T11:12:57Z" finished-at="2018-11-23T11:13:27Z">
    <groups>
    </groups>
    <test name="Login Test" duration-ms="29650" started-at="2018-11-23T11:12:57Z" finished-at="2018-11-23T11:13:27Z">
      <class name="testCase.NewTest">
        <test-method status="PASS" signature="beforeTest()[pri:0, instance:testCase.NewTest@148080bb]" name="beforeTest" is-config="true" duration-ms="15010" started-at="2018-11-23T18:12:57Z" finished-at="2018-11-23T18:13:12Z">
          <reporter-output>
          </reporter-output>
        </test-method> <!-- beforeTest -->
        <test-method status="PASS" signature="beforeClass()[pri:0, instance:testCase.NewTest@148080bb]" name="beforeClass" is-config="true" duration-ms="5" started-at="2018-11-23T18:13:12Z" finished-at="2018-11-23T18:13:12Z">
          <reporter-output>
          </reporter-output>
        </test-method> <!-- beforeClass -->
        <test-method status="PASS" signature="beforeMethod()[pri:0, instance:testCase.NewTest@148080bb]" name="beforeMethod" is-config="true" duration-ms="0" started-at="2018-11-23T18:13:12Z" finished-at="2018-11-23T18:13:12Z">
          <reporter-output>
          </reporter-output>
        </test-method> <!-- beforeMethod -->
        <test-method status="PASS" signature="f()[pri:0, instance:testCase.NewTest@148080bb]" name="f" duration-ms="14610" started-at="2018-11-23T18:13:12Z" finished-at="2018-11-23T18:13:27Z">
          <reporter-output>
          </reporter-output>
        </test-method> <!-- f -->
        <test-method status="PASS" signature="afterMethod()[pri:0, instance:testCase.NewTest@148080bb]" name="afterMethod" is-config="true" duration-ms="0" started-at="2018-11-23T18:13:27Z" finished-at="2018-11-23T18:13:27Z">
          <reporter-output>
          </reporter-output>
        </test-method> <!-- afterMethod -->
        <test-method status="PASS" signature="afterClass()[pri:0, instance:testCase.NewTest@148080bb]" name="afterClass" is-config="true" duration-ms="0" started-at="2018-11-23T18:13:27Z" finished-at="2018-11-23T18:13:27Z">
          <reporter-output>
          </reporter-output>
        </test-method> <!-- afterClass -->
        <test-method status="PASS" signature="afterTest()[pri:0, instance:testCase.NewTest@148080bb]" name="afterTest" is-config="true" duration-ms="0" started-at="2018-11-23T18:13:27Z" finished-at="2018-11-23T18:13:27Z">
          <reporter-output>
          </reporter-output>
        </test-method> <!-- afterTest -->
      </class> <!-- testCase.NewTest -->
    </test> <!-- Login Test -->
  </suite> <!-- Login Suite -->
</testng-results>
